<?xml version="1.0" encoding="UTF-8"?>
<testsuite hostname="DESKTOP-C5SSRFU" name="com.neo.crypt.CryptTest" tests="100" failures="0" timestamp="25 May 2022 10:52:39 GMT" time="3.064" errors="0">
  <testcase name="rsaCryptTest" time="1.033" classname="com.neo.crypt.CryptTest"/>
  <testcase name="rsaCryptTest" time="1.033" classname="com.neo.crypt.CryptTest"/>
  <testcase name="rsaCryptTest" time="1.037" classname="com.neo.crypt.CryptTest"/>
  <testcase name="rsaCryptTest" time="1.038" classname="com.neo.crypt.CryptTest"/>
  <testcase name="rsaCryptTest" time="1.039" classname="com.neo.crypt.CryptTest"/>
  <testcase name="rsaCryptTest" time="0.054" classname="com.neo.crypt.CryptTest"/>
  <testcase name="rsaCryptTest" time="0.069" classname="com.neo.crypt.CryptTest"/>
  <testcase name="rsaCryptTest" time="0.088" classname="com.neo.crypt.CryptTest"/>
  <testcase name="rsaCryptTest" time="0.117" classname="com.neo.crypt.CryptTest"/>
  <testcase name="rsaCryptTest" time="0.14" classname="com.neo.crypt.CryptTest"/>
  <testcase name="rsaCryptTest" time="0.067" classname="com.neo.crypt.CryptTest"/>
  <testcase name="rsaCryptTest" time="0.077" classname="com.neo.crypt.CryptTest"/>
  <testcase name="rsaCryptTest" time="0.03" classname="com.neo.crypt.CryptTest"/>
  <testcase name="rsaCryptTest" time="0.093" classname="com.neo.crypt.CryptTest"/>
  <testcase name="rsaCryptTest" time="0.077" classname="com.neo.crypt.CryptTest"/>
  <testcase name="rsaCryptTest" time="0.021" classname="com.neo.crypt.CryptTest"/>
  <testcase name="rsaCryptTest" time="0.086" classname="com.neo.crypt.CryptTest"/>
  <testcase name="rsaCryptTest" time="0.03" classname="com.neo.crypt.CryptTest"/>
  <testcase name="rsaCryptTest" time="0.034" classname="com.neo.crypt.CryptTest"/>
  <testcase name="rsaCryptTest" time="0.035" classname="com.neo.crypt.CryptTest"/>
  <testcase name="rsaCryptTest" time="0.028" classname="com.neo.crypt.CryptTest"/>
  <testcase name="rsaCryptTest" time="0.154" classname="com.neo.crypt.CryptTest"/>
  <testcase name="rsaCryptTest" time="0.049" classname="com.neo.crypt.CryptTest"/>
  <testcase name="rsaCryptTest" time="0.127" classname="com.neo.crypt.CryptTest"/>
  <testcase name="rsaCryptTest" time="0.02" classname="com.neo.crypt.CryptTest"/>
  <testcase name="rsaCryptTest" time="0.103" classname="com.neo.crypt.CryptTest"/>
  <testcase name="rsaCryptTest" time="0.091" classname="com.neo.crypt.CryptTest"/>
  <testcase name="rsaCryptTest" time="0.086" classname="com.neo.crypt.CryptTest"/>
  <testcase name="rsaCryptTest" time="0.02" classname="com.neo.crypt.CryptTest"/>
  <testcase name="rsaCryptTest" time="0.025" classname="com.neo.crypt.CryptTest"/>
  <testcase name="rsaCryptTest" time="0.065" classname="com.neo.crypt.CryptTest"/>
  <testcase name="rsaCryptTest" time="0.17" classname="com.neo.crypt.CryptTest"/>
  <testcase name="rsaCryptTest" time="0.167" classname="com.neo.crypt.CryptTest"/>
  <testcase name="rsaCryptTest" time="0.046" classname="com.neo.crypt.CryptTest"/>
  <testcase name="rsaCryptTest" time="0.026" classname="com.neo.crypt.CryptTest"/>
  <testcase name="rsaCryptTest" time="0.136" classname="com.neo.crypt.CryptTest"/>
  <testcase name="rsaCryptTest" time="0.204" classname="com.neo.crypt.CryptTest"/>
  <testcase name="rsaCryptTest" time="0.158" classname="com.neo.crypt.CryptTest"/>
  <testcase name="rsaCryptTest" time="0.018" classname="com.neo.crypt.CryptTest"/>
  <testcase name="rsaCryptTest" time="0.018" classname="com.neo.crypt.CryptTest"/>
  <testcase name="rsaCryptTest" time="0.023" classname="com.neo.crypt.CryptTest"/>
  <testcase name="rsaCryptTest" time="0.068" classname="com.neo.crypt.CryptTest"/>
  <testcase name="rsaCryptTest" time="0.056" classname="com.neo.crypt.CryptTest"/>
  <testcase name="rsaCryptTest" time="0.084" classname="com.neo.crypt.CryptTest"/>
  <testcase name="rsaCryptTest" time="0.047" classname="com.neo.crypt.CryptTest"/>
  <testcase name="rsaCryptTest" time="0.104" classname="com.neo.crypt.CryptTest"/>
  <testcase name="rsaCryptTest" time="0.036" classname="com.neo.crypt.CryptTest"/>
  <testcase name="rsaCryptTest" time="0.1" classname="com.neo.crypt.CryptTest"/>
  <testcase name="rsaCryptTest" time="0.117" classname="com.neo.crypt.CryptTest"/>
  <testcase name="rsaCryptTest" time="0.028" classname="com.neo.crypt.CryptTest"/>
  <testcase name="rsaCryptTest" time="0.034" classname="com.neo.crypt.CryptTest"/>
  <testcase name="rsaCryptTest" time="0.098" classname="com.neo.crypt.CryptTest"/>
  <testcase name="rsaCryptTest" time="0.064" classname="com.neo.crypt.CryptTest"/>
  <testcase name="rsaCryptTest" time="0.016" classname="com.neo.crypt.CryptTest"/>
  <testcase name="rsaCryptTest" time="0.088" classname="com.neo.crypt.CryptTest"/>
  <testcase name="rsaCryptTest" time="0.056" classname="com.neo.crypt.CryptTest"/>
  <testcase name="rsaCryptTest" time="0.016" classname="com.neo.crypt.CryptTest"/>
  <testcase name="rsaCryptTest" time="0.019" classname="com.neo.crypt.CryptTest"/>
  <testcase name="rsaCryptTest" time="0.021" classname="com.neo.crypt.CryptTest"/>
  <testcase name="rsaCryptTest" time="0.068" classname="com.neo.crypt.CryptTest"/>
  <testcase name="rsaCryptTest" time="0.034" classname="com.neo.crypt.CryptTest"/>
  <testcase name="rsaCryptTest" time="0.097" classname="com.neo.crypt.CryptTest"/>
  <testcase name="rsaCryptTest" time="0.039" classname="com.neo.crypt.CryptTest"/>
  <testcase name="rsaCryptTest" time="0.038" classname="com.neo.crypt.CryptTest"/>
  <testcase name="rsaCryptTest" time="0.037" classname="com.neo.crypt.CryptTest"/>
  <testcase name="rsaCryptTest" time="0.061" classname="com.neo.crypt.CryptTest"/>
  <testcase name="rsaCryptTest" time="0.056" classname="com.neo.crypt.CryptTest"/>
  <testcase name="rsaCryptTest" time="0.028" classname="com.neo.crypt.CryptTest"/>
  <testcase name="rsaCryptTest" time="0.039" classname="com.neo.crypt.CryptTest"/>
  <testcase name="rsaCryptTest" time="0.047" classname="com.neo.crypt.CryptTest"/>
  <testcase name="rsaCryptTest" time="0.022" classname="com.neo.crypt.CryptTest"/>
  <testcase name="rsaCryptTest" time="0.029" classname="com.neo.crypt.CryptTest"/>
  <testcase name="rsaCryptTest" time="0.151" classname="com.neo.crypt.CryptTest"/>
  <testcase name="rsaCryptTest" time="0.123" classname="com.neo.crypt.CryptTest"/>
  <testcase name="rsaCryptTest" time="0.155" classname="com.neo.crypt.CryptTest"/>
  <testcase name="rsaCryptTest" time="0.092" classname="com.neo.crypt.CryptTest"/>
  <testcase name="rsaCryptTest" time="0.118" classname="com.neo.crypt.CryptTest"/>
  <testcase name="rsaCryptTest" time="0.068" classname="com.neo.crypt.CryptTest"/>
  <testcase name="rsaCryptTest" time="0.116" classname="com.neo.crypt.CryptTest"/>
  <testcase name="rsaCryptTest" time="0.102" classname="com.neo.crypt.CryptTest"/>
  <testcase name="rsaCryptTest" time="0.138" classname="com.neo.crypt.CryptTest"/>
  <testcase name="rsaCryptTest" time="0.198" classname="com.neo.crypt.CryptTest"/>
  <testcase name="rsaCryptTest" time="0.132" classname="com.neo.crypt.CryptTest"/>
  <testcase name="rsaCryptTest" time="0.151" classname="com.neo.crypt.CryptTest"/>
  <testcase name="rsaCryptTest" time="0.077" classname="com.neo.crypt.CryptTest"/>
  <testcase name="rsaCryptTest" time="0.074" classname="com.neo.crypt.CryptTest"/>
  <testcase name="rsaCryptTest" time="0.086" classname="com.neo.crypt.CryptTest"/>
  <testcase name="rsaCryptTest" time="0.083" classname="com.neo.crypt.CryptTest"/>
  <testcase name="rsaCryptTest" time="0.168" classname="com.neo.crypt.CryptTest"/>
  <testcase name="rsaCryptTest" time="0.207" classname="com.neo.crypt.CryptTest"/>
  <testcase name="rsaCryptTest" time="0.071" classname="com.neo.crypt.CryptTest"/>
  <testcase name="rsaCryptTest" time="0.076" classname="com.neo.crypt.CryptTest"/>
  <testcase name="rsaCryptTest" time="0.099" classname="com.neo.crypt.CryptTest"/>
  <testcase name="rsaCryptTest" time="0.062" classname="com.neo.crypt.CryptTest"/>
  <testcase name="rsaCryptTest" time="0.086" classname="com.neo.crypt.CryptTest"/>
  <testcase name="rsaCryptTest" time="0.083" classname="com.neo.crypt.CryptTest"/>
  <testcase name="rsaCryptTest" time="0.085" classname="com.neo.crypt.CryptTest"/>
  <testcase name="rsaCryptTest" time="0.123" classname="com.neo.crypt.CryptTest"/>
  <testcase name="rsaCryptTest" time="0.098" classname="com.neo.crypt.CryptTest"/>
  <testcase name="rsaCryptTest" time="0.094" classname="com.neo.crypt.CryptTest"/>
</testsuite>
