<?xml version="1.0" encoding="UTF-8"?>
<testng-results skipped="0" failed="0" total="100" passed="100">
  <reporter-output>
  </reporter-output>
  <suite name="Default suite" duration-ms="3064" started-at="2022-05-25T16:22:36Z" finished-at="2022-05-25T16:22:39Z">
    <groups>
    </groups>
    <test name="Default test" duration-ms="3064" started-at="2022-05-25T16:22:36Z" finished-at="2022-05-25T16:22:39Z">
      <class name="com.neo.crypt.CryptTest">
        <test-method status="PASS" signature="rsaCryptTest()" name="rsaCryptTest" duration-ms="1037" started-at="2022-05-25T16:22:36Z" finished-at="2022-05-25T16:22:37Z">
        </test-method>
        <test-method status="PASS" signature="rsaCryptTest()" name="rsaCryptTest" duration-ms="1033" started-at="2022-05-25T16:22:36Z" finished-at="2022-05-25T16:22:37Z">
        </test-method>
        <test-method status="PASS" signature="rsaCryptTest()" name="rsaCryptTest" duration-ms="1039" started-at="2022-05-25T16:22:36Z" finished-at="2022-05-25T16:22:37Z">
        </test-method>
        <test-method status="PASS" signature="rsaCryptTest()" name="rsaCryptTest" duration-ms="1038" started-at="2022-05-25T16:22:36Z" finished-at="2022-05-25T16:22:37Z">
        </test-method>
        <test-method status="PASS" signature="rsaCryptTest()" name="rsaCryptTest" duration-ms="1033" started-at="2022-05-25T16:22:36Z" finished-at="2022-05-25T16:22:37Z">
        </test-method>
        <test-method status="PASS" signature="rsaCryptTest()" name="rsaCryptTest" duration-ms="54" started-at="2022-05-25T16:22:37Z" finished-at="2022-05-25T16:22:37Z">
        </test-method>
        <test-method status="PASS" signature="rsaCryptTest()" name="rsaCryptTest" duration-ms="88" started-at="2022-05-25T16:22:37Z" finished-at="2022-05-25T16:22:37Z">
        </test-method>
        <test-method status="PASS" signature="rsaCryptTest()" name="rsaCryptTest" duration-ms="140" started-at="2022-05-25T16:22:37Z" finished-at="2022-05-25T16:22:37Z">
        </test-method>
        <test-method status="PASS" signature="rsaCryptTest()" name="rsaCryptTest" duration-ms="69" started-at="2022-05-25T16:22:37Z" finished-at="2022-05-25T16:22:37Z">
        </test-method>
        <test-method status="PASS" signature="rsaCryptTest()" name="rsaCryptTest" duration-ms="117" started-at="2022-05-25T16:22:37Z" finished-at="2022-05-25T16:22:37Z">
        </test-method>
        <test-method status="PASS" signature="rsaCryptTest()" name="rsaCryptTest" duration-ms="67" started-at="2022-05-25T16:22:37Z" finished-at="2022-05-25T16:22:37Z">
        </test-method>
        <test-method status="PASS" signature="rsaCryptTest()" name="rsaCryptTest" duration-ms="77" started-at="2022-05-25T16:22:37Z" finished-at="2022-05-25T16:22:37Z">
        </test-method>
        <test-method status="PASS" signature="rsaCryptTest()" name="rsaCryptTest" duration-ms="93" started-at="2022-05-25T16:22:37Z" finished-at="2022-05-25T16:22:38Z">
        </test-method>
        <test-method status="PASS" signature="rsaCryptTest()" name="rsaCryptTest" duration-ms="77" started-at="2022-05-25T16:22:37Z" finished-at="2022-05-25T16:22:38Z">
        </test-method>
        <test-method status="PASS" signature="rsaCryptTest()" name="rsaCryptTest" duration-ms="86" started-at="2022-05-25T16:22:37Z" finished-at="2022-05-25T16:22:38Z">
        </test-method>
        <test-method status="PASS" signature="rsaCryptTest()" name="rsaCryptTest" duration-ms="154" started-at="2022-05-25T16:22:37Z" finished-at="2022-05-25T16:22:38Z">
        </test-method>
        <test-method status="PASS" signature="rsaCryptTest()" name="rsaCryptTest" duration-ms="30" started-at="2022-05-25T16:22:37Z" finished-at="2022-05-25T16:22:37Z">
        </test-method>
        <test-method status="PASS" signature="rsaCryptTest()" name="rsaCryptTest" duration-ms="21" started-at="2022-05-25T16:22:38Z" finished-at="2022-05-25T16:22:38Z">
        </test-method>
        <test-method status="PASS" signature="rsaCryptTest()" name="rsaCryptTest" duration-ms="30" started-at="2022-05-25T16:22:38Z" finished-at="2022-05-25T16:22:38Z">
        </test-method>
        <test-method status="PASS" signature="rsaCryptTest()" name="rsaCryptTest" duration-ms="127" started-at="2022-05-25T16:22:38Z" finished-at="2022-05-25T16:22:38Z">
        </test-method>
        <test-method status="PASS" signature="rsaCryptTest()" name="rsaCryptTest" duration-ms="34" started-at="2022-05-25T16:22:38Z" finished-at="2022-05-25T16:22:38Z">
        </test-method>
        <test-method status="PASS" signature="rsaCryptTest()" name="rsaCryptTest" duration-ms="35" started-at="2022-05-25T16:22:38Z" finished-at="2022-05-25T16:22:38Z">
        </test-method>
        <test-method status="PASS" signature="rsaCryptTest()" name="rsaCryptTest" duration-ms="28" started-at="2022-05-25T16:22:38Z" finished-at="2022-05-25T16:22:38Z">
        </test-method>
        <test-method status="PASS" signature="rsaCryptTest()" name="rsaCryptTest" duration-ms="103" started-at="2022-05-25T16:22:38Z" finished-at="2022-05-25T16:22:38Z">
        </test-method>
        <test-method status="PASS" signature="rsaCryptTest()" name="rsaCryptTest" duration-ms="49" started-at="2022-05-25T16:22:38Z" finished-at="2022-05-25T16:22:38Z">
        </test-method>
        <test-method status="PASS" signature="rsaCryptTest()" name="rsaCryptTest" duration-ms="91" started-at="2022-05-25T16:22:38Z" finished-at="2022-05-25T16:22:38Z">
        </test-method>
        <test-method status="PASS" signature="rsaCryptTest()" name="rsaCryptTest" duration-ms="86" started-at="2022-05-25T16:22:38Z" finished-at="2022-05-25T16:22:38Z">
        </test-method>
        <test-method status="PASS" signature="rsaCryptTest()" name="rsaCryptTest" duration-ms="170" started-at="2022-05-25T16:22:38Z" finished-at="2022-05-25T16:22:38Z">
        </test-method>
        <test-method status="PASS" signature="rsaCryptTest()" name="rsaCryptTest" duration-ms="20" started-at="2022-05-25T16:22:38Z" finished-at="2022-05-25T16:22:38Z">
        </test-method>
        <test-method status="PASS" signature="rsaCryptTest()" name="rsaCryptTest" duration-ms="20" started-at="2022-05-25T16:22:38Z" finished-at="2022-05-25T16:22:38Z">
        </test-method>
        <test-method status="PASS" signature="rsaCryptTest()" name="rsaCryptTest" duration-ms="167" started-at="2022-05-25T16:22:38Z" finished-at="2022-05-25T16:22:38Z">
        </test-method>
        <test-method status="PASS" signature="rsaCryptTest()" name="rsaCryptTest" duration-ms="65" started-at="2022-05-25T16:22:38Z" finished-at="2022-05-25T16:22:38Z">
        </test-method>
        <test-method status="PASS" signature="rsaCryptTest()" name="rsaCryptTest" duration-ms="25" started-at="2022-05-25T16:22:38Z" finished-at="2022-05-25T16:22:38Z">
        </test-method>
        <test-method status="PASS" signature="rsaCryptTest()" name="rsaCryptTest" duration-ms="204" started-at="2022-05-25T16:22:38Z" finished-at="2022-05-25T16:22:38Z">
        </test-method>
        <test-method status="PASS" signature="rsaCryptTest()" name="rsaCryptTest" duration-ms="158" started-at="2022-05-25T16:22:38Z" finished-at="2022-05-25T16:22:38Z">
        </test-method>
        <test-method status="PASS" signature="rsaCryptTest()" name="rsaCryptTest" duration-ms="136" started-at="2022-05-25T16:22:38Z" finished-at="2022-05-25T16:22:38Z">
        </test-method>
        <test-method status="PASS" signature="rsaCryptTest()" name="rsaCryptTest" duration-ms="46" started-at="2022-05-25T16:22:38Z" finished-at="2022-05-25T16:22:38Z">
        </test-method>
        <test-method status="PASS" signature="rsaCryptTest()" name="rsaCryptTest" duration-ms="26" started-at="2022-05-25T16:22:38Z" finished-at="2022-05-25T16:22:38Z">
        </test-method>
        <test-method status="PASS" signature="rsaCryptTest()" name="rsaCryptTest" duration-ms="68" started-at="2022-05-25T16:22:38Z" finished-at="2022-05-25T16:22:38Z">
        </test-method>
        <test-method status="PASS" signature="rsaCryptTest()" name="rsaCryptTest" duration-ms="56" started-at="2022-05-25T16:22:38Z" finished-at="2022-05-25T16:22:38Z">
        </test-method>
        <test-method status="PASS" signature="rsaCryptTest()" name="rsaCryptTest" duration-ms="18" started-at="2022-05-25T16:22:38Z" finished-at="2022-05-25T16:22:38Z">
        </test-method>
        <test-method status="PASS" signature="rsaCryptTest()" name="rsaCryptTest" duration-ms="18" started-at="2022-05-25T16:22:38Z" finished-at="2022-05-25T16:22:38Z">
        </test-method>
        <test-method status="PASS" signature="rsaCryptTest()" name="rsaCryptTest" duration-ms="23" started-at="2022-05-25T16:22:38Z" finished-at="2022-05-25T16:22:38Z">
        </test-method>
        <test-method status="PASS" signature="rsaCryptTest()" name="rsaCryptTest" duration-ms="84" started-at="2022-05-25T16:22:38Z" finished-at="2022-05-25T16:22:38Z">
        </test-method>
        <test-method status="PASS" signature="rsaCryptTest()" name="rsaCryptTest" duration-ms="104" started-at="2022-05-25T16:22:38Z" finished-at="2022-05-25T16:22:38Z">
        </test-method>
        <test-method status="PASS" signature="rsaCryptTest()" name="rsaCryptTest" duration-ms="117" started-at="2022-05-25T16:22:38Z" finished-at="2022-05-25T16:22:38Z">
        </test-method>
        <test-method status="PASS" signature="rsaCryptTest()" name="rsaCryptTest" duration-ms="100" started-at="2022-05-25T16:22:38Z" finished-at="2022-05-25T16:22:38Z">
        </test-method>
        <test-method status="PASS" signature="rsaCryptTest()" name="rsaCryptTest" duration-ms="47" started-at="2022-05-25T16:22:38Z" finished-at="2022-05-25T16:22:38Z">
        </test-method>
        <test-method status="PASS" signature="rsaCryptTest()" name="rsaCryptTest" duration-ms="36" started-at="2022-05-25T16:22:38Z" finished-at="2022-05-25T16:22:38Z">
        </test-method>
        <test-method status="PASS" signature="rsaCryptTest()" name="rsaCryptTest" duration-ms="98" started-at="2022-05-25T16:22:38Z" finished-at="2022-05-25T16:22:38Z">
        </test-method>
        <test-method status="PASS" signature="rsaCryptTest()" name="rsaCryptTest" duration-ms="28" started-at="2022-05-25T16:22:38Z" finished-at="2022-05-25T16:22:38Z">
        </test-method>
        <test-method status="PASS" signature="rsaCryptTest()" name="rsaCryptTest" duration-ms="88" started-at="2022-05-25T16:22:38Z" finished-at="2022-05-25T16:22:38Z">
        </test-method>
        <test-method status="PASS" signature="rsaCryptTest()" name="rsaCryptTest" duration-ms="64" started-at="2022-05-25T16:22:38Z" finished-at="2022-05-25T16:22:38Z">
        </test-method>
        <test-method status="PASS" signature="rsaCryptTest()" name="rsaCryptTest" duration-ms="34" started-at="2022-05-25T16:22:38Z" finished-at="2022-05-25T16:22:38Z">
        </test-method>
        <test-method status="PASS" signature="rsaCryptTest()" name="rsaCryptTest" duration-ms="56" started-at="2022-05-25T16:22:38Z" finished-at="2022-05-25T16:22:38Z">
        </test-method>
        <test-method status="PASS" signature="rsaCryptTest()" name="rsaCryptTest" duration-ms="68" started-at="2022-05-25T16:22:38Z" finished-at="2022-05-25T16:22:38Z">
        </test-method>
        <test-method status="PASS" signature="rsaCryptTest()" name="rsaCryptTest" duration-ms="16" started-at="2022-05-25T16:22:38Z" finished-at="2022-05-25T16:22:38Z">
        </test-method>
        <test-method status="PASS" signature="rsaCryptTest()" name="rsaCryptTest" duration-ms="16" started-at="2022-05-25T16:22:38Z" finished-at="2022-05-25T16:22:38Z">
        </test-method>
        <test-method status="PASS" signature="rsaCryptTest()" name="rsaCryptTest" duration-ms="97" started-at="2022-05-25T16:22:38Z" finished-at="2022-05-25T16:22:38Z">
        </test-method>
        <test-method status="PASS" signature="rsaCryptTest()" name="rsaCryptTest" duration-ms="19" started-at="2022-05-25T16:22:38Z" finished-at="2022-05-25T16:22:38Z">
        </test-method>
        <test-method status="PASS" signature="rsaCryptTest()" name="rsaCryptTest" duration-ms="21" started-at="2022-05-25T16:22:38Z" finished-at="2022-05-25T16:22:38Z">
        </test-method>
        <test-method status="PASS" signature="rsaCryptTest()" name="rsaCryptTest" duration-ms="34" started-at="2022-05-25T16:22:38Z" finished-at="2022-05-25T16:22:38Z">
        </test-method>
        <test-method status="PASS" signature="rsaCryptTest()" name="rsaCryptTest" duration-ms="61" started-at="2022-05-25T16:22:38Z" finished-at="2022-05-25T16:22:38Z">
        </test-method>
        <test-method status="PASS" signature="rsaCryptTest()" name="rsaCryptTest" duration-ms="39" started-at="2022-05-25T16:22:38Z" finished-at="2022-05-25T16:22:38Z">
        </test-method>
        <test-method status="PASS" signature="rsaCryptTest()" name="rsaCryptTest" duration-ms="56" started-at="2022-05-25T16:22:38Z" finished-at="2022-05-25T16:22:38Z">
        </test-method>
        <test-method status="PASS" signature="rsaCryptTest()" name="rsaCryptTest" duration-ms="38" started-at="2022-05-25T16:22:38Z" finished-at="2022-05-25T16:22:38Z">
        </test-method>
        <test-method status="PASS" signature="rsaCryptTest()" name="rsaCryptTest" duration-ms="37" started-at="2022-05-25T16:22:38Z" finished-at="2022-05-25T16:22:38Z">
        </test-method>
        <test-method status="PASS" signature="rsaCryptTest()" name="rsaCryptTest" duration-ms="39" started-at="2022-05-25T16:22:38Z" finished-at="2022-05-25T16:22:38Z">
        </test-method>
        <test-method status="PASS" signature="rsaCryptTest()" name="rsaCryptTest" duration-ms="47" started-at="2022-05-25T16:22:38Z" finished-at="2022-05-25T16:22:38Z">
        </test-method>
        <test-method status="PASS" signature="rsaCryptTest()" name="rsaCryptTest" duration-ms="28" started-at="2022-05-25T16:22:38Z" finished-at="2022-05-25T16:22:38Z">
        </test-method>
        <test-method status="PASS" signature="rsaCryptTest()" name="rsaCryptTest" duration-ms="155" started-at="2022-05-25T16:22:38Z" finished-at="2022-05-25T16:22:38Z">
        </test-method>
        <test-method status="PASS" signature="rsaCryptTest()" name="rsaCryptTest" duration-ms="151" started-at="2022-05-25T16:22:38Z" finished-at="2022-05-25T16:22:38Z">
        </test-method>
        <test-method status="PASS" signature="rsaCryptTest()" name="rsaCryptTest" duration-ms="123" started-at="2022-05-25T16:22:38Z" finished-at="2022-05-25T16:22:38Z">
        </test-method>
        <test-method status="PASS" signature="rsaCryptTest()" name="rsaCryptTest" duration-ms="29" started-at="2022-05-25T16:22:38Z" finished-at="2022-05-25T16:22:38Z">
        </test-method>
        <test-method status="PASS" signature="rsaCryptTest()" name="rsaCryptTest" duration-ms="22" started-at="2022-05-25T16:22:38Z" finished-at="2022-05-25T16:22:38Z">
        </test-method>
        <test-method status="PASS" signature="rsaCryptTest()" name="rsaCryptTest" duration-ms="92" started-at="2022-05-25T16:22:38Z" finished-at="2022-05-25T16:22:38Z">
        </test-method>
        <test-method status="PASS" signature="rsaCryptTest()" name="rsaCryptTest" duration-ms="118" started-at="2022-05-25T16:22:38Z" finished-at="2022-05-25T16:22:39Z">
        </test-method>
        <test-method status="PASS" signature="rsaCryptTest()" name="rsaCryptTest" duration-ms="68" started-at="2022-05-25T16:22:38Z" finished-at="2022-05-25T16:22:39Z">
        </test-method>
        <test-method status="PASS" signature="rsaCryptTest()" name="rsaCryptTest" duration-ms="116" started-at="2022-05-25T16:22:38Z" finished-at="2022-05-25T16:22:39Z">
        </test-method>
        <test-method status="PASS" signature="rsaCryptTest()" name="rsaCryptTest" duration-ms="102" started-at="2022-05-25T16:22:39Z" finished-at="2022-05-25T16:22:39Z">
        </test-method>
        <test-method status="PASS" signature="rsaCryptTest()" name="rsaCryptTest" duration-ms="138" started-at="2022-05-25T16:22:39Z" finished-at="2022-05-25T16:22:39Z">
        </test-method>
        <test-method status="PASS" signature="rsaCryptTest()" name="rsaCryptTest" duration-ms="198" started-at="2022-05-25T16:22:39Z" finished-at="2022-05-25T16:22:39Z">
        </test-method>
        <test-method status="PASS" signature="rsaCryptTest()" name="rsaCryptTest" duration-ms="132" started-at="2022-05-25T16:22:39Z" finished-at="2022-05-25T16:22:39Z">
        </test-method>
        <test-method status="PASS" signature="rsaCryptTest()" name="rsaCryptTest" duration-ms="151" started-at="2022-05-25T16:22:39Z" finished-at="2022-05-25T16:22:39Z">
        </test-method>
        <test-method status="PASS" signature="rsaCryptTest()" name="rsaCryptTest" duration-ms="77" started-at="2022-05-25T16:22:39Z" finished-at="2022-05-25T16:22:39Z">
        </test-method>
        <test-method status="PASS" signature="rsaCryptTest()" name="rsaCryptTest" duration-ms="207" started-at="2022-05-25T16:22:39Z" finished-at="2022-05-25T16:22:39Z">
        </test-method>
        <test-method status="PASS" signature="rsaCryptTest()" name="rsaCryptTest" duration-ms="168" started-at="2022-05-25T16:22:39Z" finished-at="2022-05-25T16:22:39Z">
        </test-method>
        <test-method status="PASS" signature="rsaCryptTest()" name="rsaCryptTest" duration-ms="74" started-at="2022-05-25T16:22:39Z" finished-at="2022-05-25T16:22:39Z">
        </test-method>
        <test-method status="PASS" signature="rsaCryptTest()" name="rsaCryptTest" duration-ms="86" started-at="2022-05-25T16:22:39Z" finished-at="2022-05-25T16:22:39Z">
        </test-method>
        <test-method status="PASS" signature="rsaCryptTest()" name="rsaCryptTest" duration-ms="83" started-at="2022-05-25T16:22:39Z" finished-at="2022-05-25T16:22:39Z">
        </test-method>
        <test-method status="PASS" signature="rsaCryptTest()" name="rsaCryptTest" duration-ms="99" started-at="2022-05-25T16:22:39Z" finished-at="2022-05-25T16:22:39Z">
        </test-method>
        <test-method status="PASS" signature="rsaCryptTest()" name="rsaCryptTest" duration-ms="76" started-at="2022-05-25T16:22:39Z" finished-at="2022-05-25T16:22:39Z">
        </test-method>
        <test-method status="PASS" signature="rsaCryptTest()" name="rsaCryptTest" duration-ms="71" started-at="2022-05-25T16:22:39Z" finished-at="2022-05-25T16:22:39Z">
        </test-method>
        <test-method status="PASS" signature="rsaCryptTest()" name="rsaCryptTest" duration-ms="62" started-at="2022-05-25T16:22:39Z" finished-at="2022-05-25T16:22:39Z">
        </test-method>
        <test-method status="PASS" signature="rsaCryptTest()" name="rsaCryptTest" duration-ms="86" started-at="2022-05-25T16:22:39Z" finished-at="2022-05-25T16:22:39Z">
        </test-method>
        <test-method status="PASS" signature="rsaCryptTest()" name="rsaCryptTest" duration-ms="85" started-at="2022-05-25T16:22:39Z" finished-at="2022-05-25T16:22:39Z">
        </test-method>
        <test-method status="PASS" signature="rsaCryptTest()" name="rsaCryptTest" duration-ms="83" started-at="2022-05-25T16:22:39Z" finished-at="2022-05-25T16:22:39Z">
        </test-method>
        <test-method status="PASS" signature="rsaCryptTest()" name="rsaCryptTest" duration-ms="123" started-at="2022-05-25T16:22:39Z" finished-at="2022-05-25T16:22:39Z">
        </test-method>
        <test-method status="PASS" signature="rsaCryptTest()" name="rsaCryptTest" duration-ms="98" started-at="2022-05-25T16:22:39Z" finished-at="2022-05-25T16:22:39Z">
        </test-method>
        <test-method status="PASS" signature="rsaCryptTest()" name="rsaCryptTest" duration-ms="94" started-at="2022-05-25T16:22:39Z" finished-at="2022-05-25T16:22:39Z">
        </test-method>
      </class>
    </test>
  </suite>
</testng-results>
